<?xml version="1.0" encoding="UTF-8"?>
<!-- Generated by org.testng.reporters.JUnitXMLReporter -->
<testsuite ignored="1" hostname="pavanpc" failures="0" tests="3" name="testngTestFirst" time="0.071" errors="0" timestamp="2022-04-20T16:22:34 IST">
  <testcase classname="Com.TestngFirstDemo.TestNgFirstDemo" name="m1" time="0.007"/>
  <testcase classname="Com.TestngFirstDemo.TestNgFirstDemo" name="m1" time="0.001"/>
  <testcase classname="Com.TestngFirstDemo.TestNgFirstDemo" name="firstTest" time="0.001"/>
  <testcase classname="Com.TestngFirstDemo.TestNgFirstDemo" name="m2" time="0.0">
    <ignored/>
  </testcase> <!-- m2 -->
</testsuite> <!-- testngTestFirst -->
