<?xml version="1.0" encoding="UTF-8"?>
<!-- Generated by org.testng.reporters.JUnitXMLReporter -->
<testsuite ignored="0" hostname="pavanpc" failures="0" tests="9" name="testngTestsecond" time="0.816" errors="0" timestamp="2022-04-23T19:26:53 IST">
  <testcase classname="Com.DataProviderInTestNg.DataProviderSeconfClass" name="readdata" time="0.008"/>
  <testcase classname="Com.DataProviderInTestNg.DataProviderSeconfClass" name="readdata" time="0.002"/>
  <testcase classname="Com.DataProviderInTestNg.DataProviderSeconfClass" name="readdata" time="0.002"/>
  <testcase classname="Com.DataProviderInTestNg.DataProviderSeconfClass" name="readdata" time="0.002"/>
  <testcase classname="Com.DataProviderInTestNg.DataProviderSeconfClass" name="readdata" time="0.002"/>
  <testcase classname="Com.DataProviderInTestNg.DataProviderSeconfClass" name="readdata" time="0.002"/>
  <testcase classname="Com.DataProviderInTestNg.DataProviderSeconfClass" name="readdata" time="0.001"/>
  <testcase classname="Com.DataProviderInTestNg.DataProviderSeconfClass" name="readdata" time="0.001"/>
  <testcase classname="Com.DataProviderInTestNg.DataProviderSeconfClass" name="readdata" time="0.001"/>
</testsuite> <!-- testngTestsecond -->
