<?xml version="1.0" encoding="UTF-8"?>
<testng-results ignored="0" total="2" passed="2" failed="0" skipped="0">
  <reporter-output>
  </reporter-output>
  <suite started-at="2022-04-27T15:00:41 IST" name="Default suite" finished-at="2022-04-27T15:02:32 IST" duration-ms="111445">
    <groups>
    </groups>
    <test started-at="2022-04-27T15:00:41 IST" name="Default test" finished-at="2022-04-27T15:02:32 IST" duration-ms="111445">
      <class name="Com.ActualTestcases.ActualTestCaseInTestNG">
        <test-method is-config="true" signature="setProMethod()[pri:0, instance:Com.ActualTestcases.ActualTestCaseInTestNG@242b836]" started-at="2022-04-27T15:00:41 IST" name="setProMethod" finished-at="2022-04-27T15:00:41 IST" duration-ms="25" status="PASS">
          <reporter-output>
          </reporter-output>
        </test-method> <!-- setProMethod -->
        <test-method is-config="true" signature="openBrowser()[pri:0, instance:Com.ActualTestcases.ActualTestCaseInTestNG@242b836]" started-at="2022-04-27T15:00:41 IST" name="openBrowser" finished-at="2022-04-27T15:01:41 IST" duration-ms="59782" status="PASS">
          <reporter-output>
          </reporter-output>
        </test-method> <!-- openBrowser -->
        <test-method signature="enterData()[pri:0, instance:Com.ActualTestcases.ActualTestCaseInTestNG@242b836]" started-at="2022-04-27T15:01:41 IST" name="enterData" finished-at="2022-04-27T15:01:48 IST" duration-ms="7375" status="PASS">
          <reporter-output>
          </reporter-output>
        </test-method> <!-- enterData -->
        <test-method is-config="true" signature="closeBrowser()[pri:0, instance:Com.ActualTestcases.ActualTestCaseInTestNG@242b836]" started-at="2022-04-27T15:01:48 IST" name="closeBrowser" finished-at="2022-04-27T15:02:17 IST" duration-ms="29360" status="PASS">
          <reporter-output>
          </reporter-output>
        </test-method> <!-- closeBrowser -->
        <test-method is-config="true" signature="openBrowser()[pri:0, instance:Com.ActualTestcases.ActualTestCaseInTestNG@242b836]" started-at="2022-04-27T15:02:17 IST" name="openBrowser" finished-at="2022-04-27T15:02:25 IST" duration-ms="7215" status="PASS">
          <reporter-output>
          </reporter-output>
        </test-method> <!-- openBrowser -->
        <test-method signature="enterDataSecond()[pri:0, instance:Com.ActualTestcases.ActualTestCaseInTestNG@242b836]" started-at="2022-04-27T15:02:25 IST" name="enterDataSecond" finished-at="2022-04-27T15:02:31 IST" duration-ms="6044" status="PASS">
          <reporter-output>
          </reporter-output>
        </test-method> <!-- enterDataSecond -->
        <test-method is-config="true" signature="closeBrowser()[pri:0, instance:Com.ActualTestcases.ActualTestCaseInTestNG@242b836]" started-at="2022-04-27T15:02:31 IST" name="closeBrowser" finished-at="2022-04-27T15:02:32 IST" duration-ms="1368" status="PASS">
          <reporter-output>
          </reporter-output>
        </test-method> <!-- closeBrowser -->
      </class> <!-- Com.ActualTestcases.ActualTestCaseInTestNG -->
    </test> <!-- Default test -->
  </suite> <!-- Default suite -->
</testng-results>
